{"level":"info","message":"Player added by ::1 Chris Graham","timestamp":"2017-11-06T23:50:06.738Z"}
{"level":"info","message":"Player added by ::1 Gerard","timestamp":"2017-11-06T23:50:29.948Z"}
{"level":"info","message":"Player added by ::1 Chris Graham","timestamp":"2017-11-06T23:55:06.726Z"}
{"level":"info","message":"Player added by ::1 Gerard","timestamp":"2017-11-06T23:55:16.216Z"}
{"level":"info","message":"Ladder was not found, new one created.","timestamp":"2017-11-07T21:04:15.833Z"}
{"level":"info","message":"Player added by ::1 Gavin","timestamp":"2017-11-07T21:04:25.323Z"}
{"date":"Tue Nov 07 2017 21:04:25 GMT+0000 (GMT Standard Time)","process":{"pid":8656,"uid":null,"gid":null,"cwd":"C:\\Users\\Thomas\\OneDrive\\PersonalProjects\\Ladder","execPath":"C:\\Program Files\\nodejs\\node.exe","version":"v8.9.0","argv":["C:\\Program Files\\nodejs\\node.exe","C:\\Users\\Thomas\\OneDrive\\PersonalProjects\\Ladder\\main.js"],"memoryUsage":{"rss":40337408,"heapTotal":22757376,"heapUsed":14757040,"external":1703672}},"os":{"loadavg":[0,0,0],"uptime":7774.1275275},"trace":[{"column":24,"file":"C:\\Users\\Thomas\\OneDrive\\PersonalProjects\\Ladder\\main.js","function":"addPlayer","line":45,"method":null,"native":false},{"column":9,"file":"C:\\Users\\Thomas\\OneDrive\\PersonalProjects\\Ladder\\main.js","function":null,"line":132,"method":null,"native":false},{"column":13,"file":"events.js","function":"emitOne","line":116,"method":null,"native":false},{"column":7,"file":"events.js","function":"Socket.emit","line":211,"method":"emit","native":false},{"column":12,"file":"C:\\Users\\Thomas\\OneDrive\\PersonalProjects\\Ladder\\node_modules\\socket.io\\lib\\socket.js","function":null,"line":513,"method":null,"native":false},{"column":7,"file":"internal/process/next_tick.js","function":"_combinedTickCallback","line":131,"method":null,"native":false},{"column":9,"file":"internal/process/next_tick.js","function":"process._tickCallback","line":180,"method":"_tickCallback","native":false}],"stack":["TypeError: Cannot read property 'push' of undefined","    at addPlayer (C:\\Users\\Thomas\\OneDrive\\PersonalProjects\\Ladder\\main.js:45:24)","    at Socket.<anonymous> (C:\\Users\\Thomas\\OneDrive\\PersonalProjects\\Ladder\\main.js:132:9)","    at emitOne (events.js:116:13)","    at Socket.emit (events.js:211:7)","    at C:\\Users\\Thomas\\OneDrive\\PersonalProjects\\Ladder\\node_modules\\socket.io\\lib\\socket.js:513:12","    at _combinedTickCallback (internal/process/next_tick.js:131:7)","    at process._tickCallback (internal/process/next_tick.js:180:9)"],"level":"error","message":"uncaughtException: Cannot read property 'push' of undefined","timestamp":"2017-11-07T21:04:25.339Z"}
{"level":"info","message":"Ladder was not found, new one created.","timestamp":"2017-11-07T21:05:30.019Z"}
{"level":"info","message":"Player added by ::1 Gavin","timestamp":"2017-11-07T21:05:45.563Z"}
{"level":"info","message":"Player added by ::1 Mark","timestamp":"2017-11-07T21:05:52.742Z"}
{"level":"info","message":"Player added by ::1 Jonny","timestamp":"2017-11-07T21:05:58.271Z"}
{"level":"info","message":"Player added by ::1 Matt","timestamp":"2017-11-07T21:06:01.838Z"}
{"level":"info","message":"Match added by ::1 [{\"name\":\"Matt\",\"score\":10},{\"name\":\"Mark\",\"score\":1}]","timestamp":"2017-11-07T21:06:25.802Z"}
{"level":"info","message":"Match added by ::1 [{\"name\":\"Mark\",\"score\":10},{\"name\":\"Gavin\",\"score\":1}]","timestamp":"2017-11-07T21:08:15.435Z"}
{"level":"info","message":"Match added by ::1 [{\"name\":\"Jonny\",\"score\":1},{\"score\":0,\"name\":\"Mark\"}]","timestamp":"2017-11-07T21:09:05.986Z"}
{"level":"info","message":"Match added by ::1 [{\"name\":\"Jonny\",\"score\":10},{\"score\":0,\"name\":\"Mark\"}]","timestamp":"2017-11-07T21:11:07.737Z"}
{"level":"info","message":"Match added by ::1 [{\"name\":\"Gavin\",\"score\":10},{\"name\":\"Mark\"}]","timestamp":"2017-11-07T21:11:28.843Z"}
{"level":"info","message":"Ladder was loaded from file.","timestamp":"2017-11-07T21:12:09.505Z"}
{"level":"info","message":"Ladder was loaded from file.","timestamp":"2017-11-07T21:15:52.825Z"}
{"level":"info","message":"Ladder was loaded from file.","timestamp":"2017-11-07T21:16:43.364Z"}
{"level":"info","message":"Ladder was loaded from file.","timestamp":"2017-11-07T21:17:01.056Z"}
{"level":"info","message":"Ladder was loaded from file.","timestamp":"2017-11-07T21:17:42.853Z"}
{"level":"info","message":"Ladder was loaded from file.","timestamp":"2017-11-07T21:17:57.810Z"}
{"level":"info","message":"Ladder was loaded from file.","timestamp":"2017-11-07T21:18:32.620Z"}
{"level":"info","message":"Ladder was loaded from file.","timestamp":"2017-11-07T21:18:44.025Z"}
{"level":"info","message":"Match added by ::1 [{\"name\":\"Mark\",\"score\":9},{\"score\":10,\"name\":\"Gavin\"}]","timestamp":"2017-11-07T21:19:07.132Z"}
